[2026-05-23 18:41:32Z INFO HostContext] No proxy settings were found based on environmental variables (http_proxy/https_proxy/HTTP_PROXY/HTTPS_PROXY)
[2026-05-23 18:41:32Z INFO HostContext] Well known directory 'Bin': 'D:\dinesh\ReactProject\actions-runner\bin'
[2026-05-23 18:41:32Z INFO HostContext] Well known directory 'Root': 'D:\dinesh\ReactProject\actions-runner'
[2026-05-23 18:41:32Z INFO HostContext] Well known config file 'Credentials': 'D:\dinesh\ReactProject\actions-runner\.credentials'
[2026-05-23 18:41:32Z INFO HostContext] Well known directory 'Bin': 'D:\dinesh\ReactProject\actions-runner\bin'
[2026-05-23 18:41:32Z INFO HostContext] Well known directory 'Root': 'D:\dinesh\ReactProject\actions-runner'
[2026-05-23 18:41:32Z INFO HostContext] Well known config file 'Runner': 'D:\dinesh\ReactProject\actions-runner\.runner'
[2026-05-23 18:41:32Z INFO Listener] Runner is built for Windows (X64) - win-x64.
[2026-05-23 18:41:32Z INFO Listener] RuntimeInformation: Microsoft Windows 10.0.26200.
[2026-05-23 18:41:32Z INFO Listener] Version: 2.334.0
[2026-05-23 18:41:32Z INFO Listener] Commit: f1995ede5d885c997d13d8eca5467c4ce97fe69c
[2026-05-23 18:41:32Z INFO Listener] Culture: en-IN
[2026-05-23 18:41:32Z INFO Listener] UI Culture: en-US
[2026-05-23 18:41:32Z INFO HostContext] Well known directory 'Bin': 'D:\dinesh\ReactProject\actions-runner\bin'
[2026-05-23 18:41:32Z INFO HostContext] Well known directory 'Root': 'D:\dinesh\ReactProject\actions-runner'
[2026-05-23 18:41:32Z INFO Listener] Validating directory permissions for: 'D:\dinesh\ReactProject\actions-runner'
[2026-05-23 18:41:32Z INFO CommandLineParser] Parse
[2026-05-23 18:41:32Z INFO CommandLineParser] Parsing 1 args
[2026-05-23 18:41:32Z INFO CommandLineParser] parsing argument
[2026-05-23 18:41:32Z INFO CommandLineParser] HasArgs: False
[2026-05-23 18:41:32Z INFO CommandLineParser] Adding Command: run
[2026-05-23 18:41:32Z INFO Listener] Arguments parsed
[2026-05-23 18:41:32Z INFO Runner] ExecuteCommand
[2026-05-23 18:41:32Z INFO ConfigurationStore] currentAssemblyLocation: D:\dinesh\ReactProject\actions-runner\bin\Runner.Listener.dll
[2026-05-23 18:41:32Z INFO HostContext] Well known directory 'Bin': 'D:\dinesh\ReactProject\actions-runner\bin'
[2026-05-23 18:41:32Z INFO ConfigurationStore] binPath: D:\dinesh\ReactProject\actions-runner\bin
[2026-05-23 18:41:32Z INFO HostContext] Well known directory 'Bin': 'D:\dinesh\ReactProject\actions-runner\bin'
[2026-05-23 18:41:32Z INFO HostContext] Well known directory 'Root': 'D:\dinesh\ReactProject\actions-runner'
[2026-05-23 18:41:32Z INFO ConfigurationStore] RootFolder: D:\dinesh\ReactProject\actions-runner
[2026-05-23 18:41:32Z INFO HostContext] Well known directory 'Bin': 'D:\dinesh\ReactProject\actions-runner\bin'
[2026-05-23 18:41:32Z INFO HostContext] Well known directory 'Root': 'D:\dinesh\ReactProject\actions-runner'
[2026-05-23 18:41:32Z INFO HostContext] Well known config file 'Runner': 'D:\dinesh\ReactProject\actions-runner\.runner'
[2026-05-23 18:41:32Z INFO ConfigurationStore] ConfigFilePath: D:\dinesh\ReactProject\actions-runner\.runner
[2026-05-23 18:41:32Z INFO HostContext] Well known directory 'Bin': 'D:\dinesh\ReactProject\actions-runner\bin'
[2026-05-23 18:41:32Z INFO HostContext] Well known directory 'Root': 'D:\dinesh\ReactProject\actions-runner'
[2026-05-23 18:41:32Z INFO HostContext] Well known config file 'MigratedRunner': 'D:\dinesh\ReactProject\actions-runner\.runner_migrated'
[2026-05-23 18:41:32Z INFO ConfigurationStore] MigratedConfigFilePath: D:\dinesh\ReactProject\actions-runner\.runner_migrated
[2026-05-23 18:41:32Z INFO HostContext] Well known directory 'Bin': 'D:\dinesh\ReactProject\actions-runner\bin'
[2026-05-23 18:41:32Z INFO HostContext] Well known directory 'Root': 'D:\dinesh\ReactProject\actions-runner'
[2026-05-23 18:41:32Z INFO HostContext] Well known config file 'Credentials': 'D:\dinesh\ReactProject\actions-runner\.credentials'
[2026-05-23 18:41:32Z INFO ConfigurationStore] CredFilePath: D:\dinesh\ReactProject\actions-runner\.credentials
[2026-05-23 18:41:32Z INFO HostContext] Well known directory 'Bin': 'D:\dinesh\ReactProject\actions-runner\bin'
[2026-05-23 18:41:32Z INFO HostContext] Well known directory 'Root': 'D:\dinesh\ReactProject\actions-runner'
[2026-05-23 18:41:32Z INFO HostContext] Well known config file 'MigratedCredentials': 'D:\dinesh\ReactProject\actions-runner\.credentials_migrated'
[2026-05-23 18:41:32Z INFO ConfigurationStore] MigratedCredFilePath: D:\dinesh\ReactProject\actions-runner\.credentials_migrated
[2026-05-23 18:41:32Z INFO HostContext] Well known directory 'Bin': 'D:\dinesh\ReactProject\actions-runner\bin'
[2026-05-23 18:41:32Z INFO HostContext] Well known directory 'Root': 'D:\dinesh\ReactProject\actions-runner'
[2026-05-23 18:41:32Z INFO HostContext] Well known config file 'Service': 'D:\dinesh\ReactProject\actions-runner\.service'
[2026-05-23 18:41:32Z INFO ConfigurationStore] ServiceConfigFilePath: D:\dinesh\ReactProject\actions-runner\.service
[2026-05-23 18:41:32Z INFO CommandSettings] Flag 'help': 'False'
[2026-05-23 18:41:32Z INFO CommandSettings] Flag 'version': 'False'
[2026-05-23 18:41:32Z INFO CommandSettings] Flag 'commit': 'False'
[2026-05-23 18:41:32Z INFO CommandSettings] Flag 'check': 'False'
[2026-05-23 18:41:32Z INFO CommandSettings] Command 'configure': 'False'
[2026-05-23 18:41:32Z INFO CommandSettings] Command 'remove': 'False'
[2026-05-23 18:41:32Z INFO CommandSettings] Command 'warmup': 'False'
[2026-05-23 18:41:32Z INFO ConfigurationManager] LoadSettings
[2026-05-23 18:41:32Z INFO ConfigurationStore] IsConfigured()
[2026-05-23 18:41:32Z INFO ConfigurationStore] IsConfigured: False
[2026-05-23 18:41:32Z INFO ConfigurationManager] Is configured: False
[2026-05-23 18:41:32Z ERR  Terminal] WRITE ERROR: An error occurred: Not configured. Run config.(sh/cmd) to configure the runner.
[2026-05-23 18:41:32Z ERR  Listener] GitHub.Runner.Common.NonRetryableException: Not configured. Run config.(sh/cmd) to configure the runner.
   at GitHub.Runner.Listener.Configuration.ConfigurationManager.LoadSettings()
   at GitHub.Runner.Listener.Runner.ExecuteCommand(CommandSettings command)
   at GitHub.Runner.Listener.Program.MainAsync(IHostContext context, String[] args)
